{"report":{"uuid":"073f78fa-1559-411e-9ac4-2f28649d3ba2","reportPrefix":"CHROME_138.0.7204.97__","assertionsCount":1,"lastError":{"name":"NightwatchAssertError","message":"Timed out while waiting for element <body> to be present for 1000 milliseconds. - expected \u001b[32m\"visible\"\u001b[39m but got: \u001b[31m\"not found\"\u001b[39m \u001b[90m(3037ms)\u001b[39m","showDiff":false,"abortOnFailure":true,"waitFor":true,"stack":"Error\n    at Command.executeCommand (C:\\Users\\sarar\\Documents\\GitHub\\Siemens-Task\\ui-tests\\node_modules\\nightwatch\\lib\\page-object\\command-wrapper.js:281:22)\n    at Page.waitForElementVisible (C:\\Users\\sarar\\Documents\\GitHub\\Siemens-Task\\ui-tests\\node_modules\\nightwatch\\lib\\page-object\\command-wrapper.js:86:27)\n    at TC:Search for \"dress\" and verify results (C:\\Users\\sarar\\Documents\\GitHub\\Siemens-Task\\ui-tests\\tests\\homeTest.js:16:8)\n    at Context.call (C:\\Users\\sarar\\Documents\\GitHub\\Siemens-Task\\ui-tests\\node_modules\\nightwatch\\lib\\testsuite\\context.js:528:43)\n    at TestCase.run (C:\\Users\\sarar\\Documents\\GitHub\\Siemens-Task\\ui-tests\\node_modules\\nightwatch\\lib\\testsuite\\testcase.js:58:31)\n    at Runnable.__runFn (C:\\Users\\sarar\\Documents\\GitHub\\Siemens-Task\\ui-tests\\node_modules\\nightwatch\\lib\\testsuite\\index.js:842:80)\n    at Runnable.run (C:\\Users\\sarar\\Documents\\GitHub\\Siemens-Task\\ui-tests\\node_modules\\nightwatch\\lib\\testsuite\\runnable.js:126:21)\n    at TestSuite.executeRunnable (C:\\Users\\sarar\\Documents\\GitHub\\Siemens-Task\\ui-tests\\node_modules\\nightwatch\\lib\\testsuite\\index.js:1003:49)\n    at TestSuite.handleRunnable (C:\\Users\\sarar\\Documents\\GitHub\\Siemens-Task\\ui-tests\\node_modules\\nightwatch\\lib\\testsuite\\index.js:1018:33)\n    at C:\\Users\\sarar\\Documents\\GitHub\\Siemens-Task\\ui-tests\\node_modules\\nightwatch\\lib\\testsuite\\index.js:842:21"},"skippedAtRuntime":[],"skippedByUser":[],"skipped":[],"time":"5.631","timeMs":5631,"completed":{"TC:Search for \"dress\" and verify results":{"time":"5.629","assertions":[{"name":"NightwatchAssertError","message":"Timed out while waiting for element <body> to be present for 1000 milliseconds. - expected \"visible\" but got: \"not found\" (3037ms)","stackTrace":"    at TC:Search for \"dress\" and verify results (C:\\Users\\sarar\\Documents\\GitHub\\Siemens-Task\\ui-tests\\tests\\homeTest.js:16:8)","fullMsg":"Timed out while waiting for element <body> to be present for 1000 milliseconds. - expected \u001b[32m\"visible\"\u001b[39m but got: \u001b[31m\"not found\"\u001b[39m \u001b[90m(3037ms)\u001b[39m","failure":"Expected \"visible\" but got: \"not found\"","screenshots":["C:\\Users\\sarar\\Documents\\GitHub\\Siemens-Task\\ui-tests\\screenshots\\homeTest\\TC:Search-for-dress-and-verify-results_FAILED_Jul-07-2025-184322-GMT+0300.png"]}],"commands":[],"passed":0,"errors":0,"failed":1,"skipped":0,"tests":1,"status":"fail","startTimestamp":"Mon, 07 Jul 2025 15:43:17 GMT","httpOutput":[],"steps":[],"stackTrace":"Error\n    at Command.executeCommand (C:\\Users\\sarar\\Documents\\GitHub\\Siemens-Task\\ui-tests\\node_modules\\nightwatch\\lib\\page-object\\command-wrapper.js:281:22)\n    at Page.waitForElementVisible (C:\\Users\\sarar\\Documents\\GitHub\\Siemens-Task\\ui-tests\\node_modules\\nightwatch\\lib\\page-object\\command-wrapper.js:86:27)\n    at TC:Search for \"dress\" and verify results (C:\\Users\\sarar\\Documents\\GitHub\\Siemens-Task\\ui-tests\\tests\\homeTest.js:16:8)\n    at Context.call (C:\\Users\\sarar\\Documents\\GitHub\\Siemens-Task\\ui-tests\\node_modules\\nightwatch\\lib\\testsuite\\context.js:528:43)\n    at TestCase.run (C:\\Users\\sarar\\Documents\\GitHub\\Siemens-Task\\ui-tests\\node_modules\\nightwatch\\lib\\testsuite\\testcase.js:58:31)\n    at Runnable.__runFn (C:\\Users\\sarar\\Documents\\GitHub\\Siemens-Task\\ui-tests\\node_modules\\nightwatch\\lib\\testsuite\\index.js:842:80)\n    at Runnable.run (C:\\Users\\sarar\\Documents\\GitHub\\Siemens-Task\\ui-tests\\node_modules\\nightwatch\\lib\\testsuite\\runnable.js:126:21)\n    at TestSuite.executeRunnable (C:\\Users\\sarar\\Documents\\GitHub\\Siemens-Task\\ui-tests\\node_modules\\nightwatch\\lib\\testsuite\\index.js:1003:49)\n    at TestSuite.handleRunnable (C:\\Users\\sarar\\Documents\\GitHub\\Siemens-Task\\ui-tests\\node_modules\\nightwatch\\lib\\testsuite\\index.js:1018:33)\n    at C:\\Users\\sarar\\Documents\\GitHub\\Siemens-Task\\ui-tests\\node_modules\\nightwatch\\lib\\testsuite\\index.js:842:21","testcases":{"TC:Search for \"dress\" and verify results":{"time":"5.629","assertions":[{"name":"NightwatchAssertError","message":"Timed out while waiting for element <body> to be present for 1000 milliseconds. - expected \"visible\" but got: \"not found\" (3037ms)","stackTrace":"    at TC:Search for \"dress\" and verify results (C:\\Users\\sarar\\Documents\\GitHub\\Siemens-Task\\ui-tests\\tests\\homeTest.js:16:8)","fullMsg":"Timed out while waiting for element <body> to be present for 1000 milliseconds. - expected \u001b[32m\"visible\"\u001b[39m but got: \u001b[31m\"not found\"\u001b[39m \u001b[90m(3037ms)\u001b[39m","failure":"Expected \"visible\" but got: \"not found\"","screenshots":["C:\\Users\\sarar\\Documents\\GitHub\\Siemens-Task\\ui-tests\\screenshots\\homeTest\\TC:Search-for-dress-and-verify-results_FAILED_Jul-07-2025-184322-GMT+0300.png"]}],"tests":1,"commands":[],"passed":0,"errors":0,"failed":1,"skipped":0,"status":"fail","startTimestamp":"Mon, 07 Jul 2025 15:43:17 GMT","httpOutput":[],"steps":[],"stackTrace":"Error\n    at Command.executeCommand (C:\\Users\\sarar\\Documents\\GitHub\\Siemens-Task\\ui-tests\\node_modules\\nightwatch\\lib\\page-object\\command-wrapper.js:281:22)\n    at Page.waitForElementVisible (C:\\Users\\sarar\\Documents\\GitHub\\Siemens-Task\\ui-tests\\node_modules\\nightwatch\\lib\\page-object\\command-wrapper.js:86:27)\n    at TC:Search for \"dress\" and verify results (C:\\Users\\sarar\\Documents\\GitHub\\Siemens-Task\\ui-tests\\tests\\homeTest.js:16:8)\n    at Context.call (C:\\Users\\sarar\\Documents\\GitHub\\Siemens-Task\\ui-tests\\node_modules\\nightwatch\\lib\\testsuite\\context.js:528:43)\n    at TestCase.run (C:\\Users\\sarar\\Documents\\GitHub\\Siemens-Task\\ui-tests\\node_modules\\nightwatch\\lib\\testsuite\\testcase.js:58:31)\n    at Runnable.__runFn (C:\\Users\\sarar\\Documents\\GitHub\\Siemens-Task\\ui-tests\\node_modules\\nightwatch\\lib\\testsuite\\index.js:842:80)\n    at Runnable.run (C:\\Users\\sarar\\Documents\\GitHub\\Siemens-Task\\ui-tests\\node_modules\\nightwatch\\lib\\testsuite\\runnable.js:126:21)\n    at TestSuite.executeRunnable (C:\\Users\\sarar\\Documents\\GitHub\\Siemens-Task\\ui-tests\\node_modules\\nightwatch\\lib\\testsuite\\index.js:1003:49)\n    at TestSuite.handleRunnable (C:\\Users\\sarar\\Documents\\GitHub\\Siemens-Task\\ui-tests\\node_modules\\nightwatch\\lib\\testsuite\\index.js:1018:33)\n    at C:\\Users\\sarar\\Documents\\GitHub\\Siemens-Task\\ui-tests\\node_modules\\nightwatch\\lib\\testsuite\\index.js:842:21","lastError":{"name":"NightwatchAssertError","message":"Timed out while waiting for element <body> to be present for 1000 milliseconds. - expected \u001b[32m\"visible\"\u001b[39m but got: \u001b[31m\"not found\"\u001b[39m \u001b[90m(3037ms)\u001b[39m","showDiff":false,"abortOnFailure":true,"waitFor":true,"stack":"Error\n    at Command.executeCommand (C:\\Users\\sarar\\Documents\\GitHub\\Siemens-Task\\ui-tests\\node_modules\\nightwatch\\lib\\page-object\\command-wrapper.js:281:22)\n    at Page.waitForElementVisible (C:\\Users\\sarar\\Documents\\GitHub\\Siemens-Task\\ui-tests\\node_modules\\nightwatch\\lib\\page-object\\command-wrapper.js:86:27)\n    at TC:Search for \"dress\" and verify results (C:\\Users\\sarar\\Documents\\GitHub\\Siemens-Task\\ui-tests\\tests\\homeTest.js:16:8)\n    at Context.call (C:\\Users\\sarar\\Documents\\GitHub\\Siemens-Task\\ui-tests\\node_modules\\nightwatch\\lib\\testsuite\\context.js:528:43)\n    at TestCase.run (C:\\Users\\sarar\\Documents\\GitHub\\Siemens-Task\\ui-tests\\node_modules\\nightwatch\\lib\\testsuite\\testcase.js:58:31)\n    at Runnable.__runFn (C:\\Users\\sarar\\Documents\\GitHub\\Siemens-Task\\ui-tests\\node_modules\\nightwatch\\lib\\testsuite\\index.js:842:80)\n    at Runnable.run (C:\\Users\\sarar\\Documents\\GitHub\\Siemens-Task\\ui-tests\\node_modules\\nightwatch\\lib\\testsuite\\runnable.js:126:21)\n    at TestSuite.executeRunnable (C:\\Users\\sarar\\Documents\\GitHub\\Siemens-Task\\ui-tests\\node_modules\\nightwatch\\lib\\testsuite\\index.js:1003:49)\n    at TestSuite.handleRunnable (C:\\Users\\sarar\\Documents\\GitHub\\Siemens-Task\\ui-tests\\node_modules\\nightwatch\\lib\\testsuite\\index.js:1018:33)\n    at C:\\Users\\sarar\\Documents\\GitHub\\Siemens-Task\\ui-tests\\node_modules\\nightwatch\\lib\\testsuite\\index.js:842:21"},"timeMs":5629,"endTimestamp":"Mon, 07 Jul 2025 15:43:23 GMT"}},"lastError":{"name":"NightwatchAssertError","message":"Timed out while waiting for element <body> to be present for 1000 milliseconds. - expected \u001b[32m\"visible\"\u001b[39m but got: \u001b[31m\"not found\"\u001b[39m \u001b[90m(3037ms)\u001b[39m","showDiff":false,"abortOnFailure":true,"waitFor":true,"stack":"Error\n    at Command.executeCommand (C:\\Users\\sarar\\Documents\\GitHub\\Siemens-Task\\ui-tests\\node_modules\\nightwatch\\lib\\page-object\\command-wrapper.js:281:22)\n    at Page.waitForElementVisible (C:\\Users\\sarar\\Documents\\GitHub\\Siemens-Task\\ui-tests\\node_modules\\nightwatch\\lib\\page-object\\command-wrapper.js:86:27)\n    at TC:Search for \"dress\" and verify results (C:\\Users\\sarar\\Documents\\GitHub\\Siemens-Task\\ui-tests\\tests\\homeTest.js:16:8)\n    at Context.call (C:\\Users\\sarar\\Documents\\GitHub\\Siemens-Task\\ui-tests\\node_modules\\nightwatch\\lib\\testsuite\\context.js:528:43)\n    at TestCase.run (C:\\Users\\sarar\\Documents\\GitHub\\Siemens-Task\\ui-tests\\node_modules\\nightwatch\\lib\\testsuite\\testcase.js:58:31)\n    at Runnable.__runFn (C:\\Users\\sarar\\Documents\\GitHub\\Siemens-Task\\ui-tests\\node_modules\\nightwatch\\lib\\testsuite\\index.js:842:80)\n    at Runnable.run (C:\\Users\\sarar\\Documents\\GitHub\\Siemens-Task\\ui-tests\\node_modules\\nightwatch\\lib\\testsuite\\runnable.js:126:21)\n    at TestSuite.executeRunnable (C:\\Users\\sarar\\Documents\\GitHub\\Siemens-Task\\ui-tests\\node_modules\\nightwatch\\lib\\testsuite\\index.js:1003:49)\n    at TestSuite.handleRunnable (C:\\Users\\sarar\\Documents\\GitHub\\Siemens-Task\\ui-tests\\node_modules\\nightwatch\\lib\\testsuite\\index.js:1018:33)\n    at C:\\Users\\sarar\\Documents\\GitHub\\Siemens-Task\\ui-tests\\node_modules\\nightwatch\\lib\\testsuite\\index.js:842:21"},"timeMs":5629,"endTimestamp":"Mon, 07 Jul 2025 15:43:23 GMT"}},"completedSections":{"__global_beforeEach_hook":{"time":"0.001000","assertions":[],"commands":[],"passed":0,"errors":0,"failed":0,"skipped":0,"tests":0,"status":"pass","startTimestamp":1751902997430,"httpOutput":[["2025-07-07T15:43:16.730Z","  Request POST /session  ","{\n     capabilities: {\n       firstMatch: [ {} ],\n       alwaysMatch: {\n         browserName: \u001b[32m&#39;chrome&#39;\u001b[39m,\n         \u001b[32m&#39;goog:chromeOptions&#39;\u001b[39m: {\n           args: [\n             \u001b[32m&#39;--headless&#39;\u001b[39m,\n             \u001b[32m&#39;--disable-gpu&#39;\u001b[39m,\n             \u001b[32m&#39;--no-sandbox&#39;\u001b[39m,\n             \u001b[32m&#39;--disable-dev-shm-usage&#39;\u001b[39m,\n             \u001b[32m&#39;--window-size=1280,800&#39;\u001b[39m\n           ]\n         }\n       }\n     }\n  }"],["2025-07-07T15:43:17.428Z","  Response 200 POST /session (699ms)","{\n     value: {\n       capabilities: {\n         acceptInsecureCerts: \u001b[33mfalse\u001b[39m,\n         browserName: \u001b[32m&#39;chrome&#39;\u001b[39m,\n         browserVersion: \u001b[32m&#39;138.0.7204.97&#39;\u001b[39m,\n         chrome: {\n           chromedriverVersion: \u001b[32m&#39;138.0.7204.92 (f079b9bc781e3c2adb1496ea1d72812deb0ddb3d-refs/branch-heads/7204_50@{#8})&#39;\u001b[39m,\n           userDataDir: \u001b[32m&#39;C:\\\\Users\\\\sarar\\\\AppData\\\\Local\\\\Temp\\\\scoped_dir12920_553366453&#39;\u001b[39m\n         },\n         \u001b[32m&#39;fedcm:accounts&#39;\u001b[39m: \u001b[33mtrue\u001b[39m,\n         \u001b[32m&#39;goog:chromeOptions&#39;\u001b[39m: { debuggerAddress: \u001b[32m&#39;localhost:65038&#39;\u001b[39m },\n         networkConnectionEnabled: \u001b[33mfalse\u001b[39m,\n         pageLoadStrategy: \u001b[32m&#39;normal&#39;\u001b[39m,\n         platformName: \u001b[32m&#39;windows&#39;\u001b[39m,\n         proxy: {},\n         setWindowRect: \u001b[33mtrue\u001b[39m,\n         strictFileInteractability: \u001b[33mfalse\u001b[39m,\n         timeouts: { implicit: \u001b[33m0\u001b[39m, pageLoad: \u001b[33m300000\u001b[39m, script: \u001b[33m30000\u001b[39m },\n         unhandledPromptBehavior: \u001b[32m&#39;dismiss and notify&#39;\u001b[39m,\n         \u001b[32m&#39;webauthn:extension:credBlob&#39;\u001b[39m: \u001b[33mtrue\u001b[39m,\n         \u001b[32m&#39;webauthn:extension:largeBlob&#39;\u001b[39m: \u001b[33mtrue\u001b[39m,\n         \u001b[32m&#39;webauthn:extension:minPinLength&#39;\u001b[39m: \u001b[33mtrue\u001b[39m,\n         \u001b[32m&#39;webauthn:extension:prf&#39;\u001b[39m: \u001b[33mtrue\u001b[39m,\n         \u001b[32m&#39;webauthn:virtualAuthenticators&#39;\u001b[39m: \u001b[33mtrue\u001b[39m\n       },\n       sessionId: \u001b[32m&#39;650c6dc7110e11e44b3418824095da4d&#39;\u001b[39m\n     }\n  }"]],"timeMs":1,"endTimestamp":1751902997431},"__before_hook":{"time":"0.000","assertions":[],"commands":[],"passed":0,"errors":0,"failed":0,"skipped":0,"tests":0,"status":"pass","startTimestamp":1751902997431,"httpOutput":[],"timeMs":0,"endTimestamp":1751902997431},"TC:Search for \"dress\" and verify results":{"time":"5.630","assertions":[],"commands":[{"name":"url","args":["\"http://automationpractice.multiformis.com\"",null],"startTime":1751902997464,"endTime":1751902999589,"elapsedTime":2125,"status":"pass","result":{"status":0}},{"name":"waitForElementVisible","args":["\"body\"","1000"],"startTime":1751902999590,"endTime":1751903002637,"elapsedTime":3047,"status":"fail","result":{"message":"Timed out while waiting for element <body> to be present for 1000 milliseconds. - expected \"visible\" but got: \"not found\" (3037ms)","showDiff":false,"name":"NightwatchAssertError","abortOnFailure":true,"stack":"Error\n    at Command.executeCommand (C:\\Users\\sarar\\Documents\\GitHub\\Siemens-Task\\ui-tests\\node_modules\\nightwatch\\lib\\page-object\\command-wrapper.js:281:22)\n    at Page.waitForElementVisible (C:\\Users\\sarar\\Documents\\GitHub\\Siemens-Task\\ui-tests\\node_modules\\nightwatch\\lib\\page-object\\command-wrapper.js:86:27)\n    at TC:Search for \"dress\" and verify results (C:\\Users\\sarar\\Documents\\GitHub\\Siemens-Task\\ui-tests\\tests\\homeTest.js:16:8)\n    at Context.call (C:\\Users\\sarar\\Documents\\GitHub\\Siemens-Task\\ui-tests\\node_modules\\nightwatch\\lib\\testsuite\\context.js:528:43)\n    at TestCase.run (C:\\Users\\sarar\\Documents\\GitHub\\Siemens-Task\\ui-tests\\node_modules\\nightwatch\\lib\\testsuite\\testcase.js:58:31)\n    at Runnable.__runFn (C:\\Users\\sarar\\Documents\\GitHub\\Siemens-Task\\ui-tests\\node_modules\\nightwatch\\lib\\testsuite\\index.js:842:80)\n    at Runnable.run (C:\\Users\\sarar\\Documents\\GitHub\\Siemens-Task\\ui-tests\\node_modules\\nightwatch\\lib\\testsuite\\runnable.js:126:21)\n    at TestSuite.executeRunnable (C:\\Users\\sarar\\Documents\\GitHub\\Siemens-Task\\ui-tests\\node_modules\\nightwatch\\lib\\testsuite\\index.js:1003:49)\n    at TestSuite.handleRunnable (C:\\Users\\sarar\\Documents\\GitHub\\Siemens-Task\\ui-tests\\node_modules\\nightwatch\\lib\\testsuite\\index.js:1018:33)\n    at C:\\Users\\sarar\\Documents\\GitHub\\Siemens-Task\\ui-tests\\node_modules\\nightwatch\\lib\\testsuite\\index.js:842:21","beautifiedStack":{"filePath":"C:\\Users\\sarar\\Documents\\GitHub\\Siemens-Task\\ui-tests\\tests\\homeTest.js","error_line_number":16,"codeSnippet":[{"line_number":14,"code":"    homePage"},{"line_number":15,"code":"      .navigate()"},{"line_number":16,"code":"      .waitForElementVisible('body', 1000)"},{"line_number":17,"code":"      .setValue('@searchInput', 'dress')"},{"line_number":18,"code":"      .click('@searchButton')"}]}},"screenshot":"C:\\Users\\sarar\\Documents\\GitHub\\Siemens-Task\\ui-tests\\screenshots\\homeTest\\TC:Search-for-dress-and-verify-results_FAILED_Jul-07-2025-184322-GMT+0300.png"},{"name":"saveScreenshot","args":["\"C:\\\\Users\\\\sarar\\\\Documents\\\\GitHub\\\\Siemens-Task\\\\ui-tests\\\\screenshots\\\\homeTest\\\\TC:Search-for-dress-and-verify-results_FAILED_Jul-07-2025-184322-GMT+0300.png\"",null],"startTime":1751903002706,"endTime":1751903003059,"elapsedTime":353,"status":"pass","result":{"status":0}}],"passed":0,"errors":0,"failed":1,"skipped":0,"tests":0,"status":"fail","startTimestamp":1751902997431,"httpOutput":[["2025-07-07T15:43:17.466Z","  Request POST /session/650c6dc7110e11e44b3418824095da4d/url  ","{ url: \u001b[32m&#39;http://automationpractice.multiformis.com&#39;\u001b[39m }"],["2025-07-07T15:43:19.585Z","  Response 200 POST /session/650c6dc7110e11e44b3418824095da4d/url (2119ms)","{ value: \u001b[1mnull\u001b[22m }"],["2025-07-07T15:43:19.596Z","  Request POST /session/650c6dc7110e11e44b3418824095da4d/elements  ","{ using: \u001b[32m&#39;css selector&#39;\u001b[39m, value: \u001b[32m&#39;body&#39;\u001b[39m }"],["2025-07-07T15:43:22.626Z","  Response 200 POST /session/650c6dc7110e11e44b3418824095da4d/elements (3031ms)","{ value: [] }"],["2025-07-07T15:43:22.723Z","  Request GET /session/650c6dc7110e11e44b3418824095da4d/screenshot  ","\u001b[32m&#39;&#39;\u001b[39m"],["2025-07-07T15:43:23.034Z","  Response 200 GET /session/650c6dc7110e11e44b3418824095da4d/screenshot (217ms)","{\n     value: \u001b[32m&#39;iVBORw0KGgoAAAANSUhEUgAABO4AAAKMCAIAAADT9mCPAAAAAXNSR0IArs4c6QAAIABJREFUeJzsvXt4HMWdLvzrquruuWo0uvmO...&#39;\u001b[39m,\n     suppressBase64Data: \u001b[33mtrue\u001b[39m\n  }"]],"beforeEach":{"time":"0.000","assertions":[],"commands":[],"passed":0,"errors":0,"failed":0,"skipped":0,"tests":0,"status":"pass","startTimestamp":1751902997432,"httpOutput":[],"endTimestamp":1751902997432,"timeMs":0},"testcase":{"time":"5.628","assertions":[],"commands":[{"name":"url","args":["\"http://automationpractice.multiformis.com\"",null],"startTime":1751902997464,"endTime":1751902999589,"elapsedTime":2125,"status":"pass","result":{"status":0}},{"name":"waitForElementVisible","args":["\"body\"","1000"],"startTime":1751902999590,"endTime":1751903002637,"elapsedTime":3047,"status":"fail","result":{"message":"Timed out while waiting for element <body> to be present for 1000 milliseconds. - expected \"visible\" but got: \"not found\" (3037ms)","showDiff":false,"name":"NightwatchAssertError","abortOnFailure":true,"stack":"Error\n    at Command.executeCommand (C:\\Users\\sarar\\Documents\\GitHub\\Siemens-Task\\ui-tests\\node_modules\\nightwatch\\lib\\page-object\\command-wrapper.js:281:22)\n    at Page.waitForElementVisible (C:\\Users\\sarar\\Documents\\GitHub\\Siemens-Task\\ui-tests\\node_modules\\nightwatch\\lib\\page-object\\command-wrapper.js:86:27)\n    at TC:Search for \"dress\" and verify results (C:\\Users\\sarar\\Documents\\GitHub\\Siemens-Task\\ui-tests\\tests\\homeTest.js:16:8)\n    at Context.call (C:\\Users\\sarar\\Documents\\GitHub\\Siemens-Task\\ui-tests\\node_modules\\nightwatch\\lib\\testsuite\\context.js:528:43)\n    at TestCase.run (C:\\Users\\sarar\\Documents\\GitHub\\Siemens-Task\\ui-tests\\node_modules\\nightwatch\\lib\\testsuite\\testcase.js:58:31)\n    at Runnable.__runFn (C:\\Users\\sarar\\Documents\\GitHub\\Siemens-Task\\ui-tests\\node_modules\\nightwatch\\lib\\testsuite\\index.js:842:80)\n    at Runnable.run (C:\\Users\\sarar\\Documents\\GitHub\\Siemens-Task\\ui-tests\\node_modules\\nightwatch\\lib\\testsuite\\runnable.js:126:21)\n    at TestSuite.executeRunnable (C:\\Users\\sarar\\Documents\\GitHub\\Siemens-Task\\ui-tests\\node_modules\\nightwatch\\lib\\testsuite\\index.js:1003:49)\n    at TestSuite.handleRunnable (C:\\Users\\sarar\\Documents\\GitHub\\Siemens-Task\\ui-tests\\node_modules\\nightwatch\\lib\\testsuite\\index.js:1018:33)\n    at C:\\Users\\sarar\\Documents\\GitHub\\Siemens-Task\\ui-tests\\node_modules\\nightwatch\\lib\\testsuite\\index.js:842:21","beautifiedStack":{"filePath":"C:\\Users\\sarar\\Documents\\GitHub\\Siemens-Task\\ui-tests\\tests\\homeTest.js","error_line_number":16,"codeSnippet":[{"line_number":14,"code":"    homePage"},{"line_number":15,"code":"      .navigate()"},{"line_number":16,"code":"      .waitForElementVisible('body', 1000)"},{"line_number":17,"code":"      .setValue('@searchInput', 'dress')"},{"line_number":18,"code":"      .click('@searchButton')"}]}},"screenshot":"C:\\Users\\sarar\\Documents\\GitHub\\Siemens-Task\\ui-tests\\screenshots\\homeTest\\TC:Search-for-dress-and-verify-results_FAILED_Jul-07-2025-184322-GMT+0300.png"},{"name":"saveScreenshot","args":["\"C:\\\\Users\\\\sarar\\\\Documents\\\\GitHub\\\\Siemens-Task\\\\ui-tests\\\\screenshots\\\\homeTest\\\\TC:Search-for-dress-and-verify-results_FAILED_Jul-07-2025-184322-GMT+0300.png\"",null],"startTime":1751903002706,"endTime":1751903003059,"elapsedTime":353,"status":"pass","result":{"status":0}}],"passed":0,"errors":0,"failed":1,"skipped":0,"tests":0,"status":"fail","startTimestamp":1751902997432,"httpOutput":[["2025-07-07T15:43:17.466Z","  Request POST /session/650c6dc7110e11e44b3418824095da4d/url  ","{ url: \u001b[32m&#39;http://automationpractice.multiformis.com&#39;\u001b[39m }"],["2025-07-07T15:43:19.585Z","  Response 200 POST /session/650c6dc7110e11e44b3418824095da4d/url (2119ms)","{ value: \u001b[1mnull\u001b[22m }"],["2025-07-07T15:43:19.596Z","  Request POST /session/650c6dc7110e11e44b3418824095da4d/elements  ","{ using: \u001b[32m&#39;css selector&#39;\u001b[39m, value: \u001b[32m&#39;body&#39;\u001b[39m }"],["2025-07-07T15:43:22.626Z","  Response 200 POST /session/650c6dc7110e11e44b3418824095da4d/elements (3031ms)","{ value: [] }"],["2025-07-07T15:43:22.723Z","  Request GET /session/650c6dc7110e11e44b3418824095da4d/screenshot  ","\u001b[32m&#39;&#39;\u001b[39m"],["2025-07-07T15:43:23.034Z","  Response 200 GET /session/650c6dc7110e11e44b3418824095da4d/screenshot (217ms)","{\n     value: \u001b[32m&#39;iVBORw0KGgoAAAANSUhEUgAABO4AAAKMCAIAAADT9mCPAAAAAXNSR0IArs4c6QAAIABJREFUeJzsvXt4HMWdLvzrquruuWo0uvmO...&#39;\u001b[39m,\n     suppressBase64Data: \u001b[33mtrue\u001b[39m\n  }"]],"endTimestamp":1751903003060,"timeMs":5628},"afterEach":{"time":"0.000","assertions":[],"commands":[],"passed":0,"errors":0,"failed":0,"skipped":0,"tests":0,"status":"pass","startTimestamp":1751903003060,"httpOutput":[],"endTimestamp":1751903003060,"timeMs":0},"timeMs":5630,"endTimestamp":1751903003061},"__after_hook":{"time":"0.000","assertions":[],"commands":[],"passed":0,"errors":0,"failed":0,"skipped":0,"tests":0,"status":"pass","startTimestamp":1751903003063,"httpOutput":[],"timeMs":0,"endTimestamp":1751903003063},"__global_afterEach_hook":{"time":"0.000","assertions":[],"commands":[{"name":"end","args":["true"],"startTime":1751903003067,"endTime":1751903003159,"elapsedTime":92,"status":"pass"}],"passed":0,"errors":0,"failed":0,"skipped":0,"tests":0,"status":"pass","startTimestamp":1751903003063,"httpOutput":[],"timeMs":0,"endTimestamp":1751903003063}},"errmessages":[],"testsCount":1,"skippedCount":0,"failedCount":1,"errorsCount":0,"passedCount":0,"group":"","modulePath":"C:\\Users\\sarar\\Documents\\GitHub\\Siemens-Task\\ui-tests\\tests\\homeTest.js","startTimestamp":"Mon, 07 Jul 2025 15:43:16 GMT","endTimestamp":"Mon, 07 Jul 2025 15:43:23 GMT","sessionCapabilities":{"acceptInsecureCerts":false,"browserName":"chrome","browserVersion":"138.0.7204.97","chrome":{"chromedriverVersion":"138.0.7204.92 (f079b9bc781e3c2adb1496ea1d72812deb0ddb3d-refs/branch-heads/7204_50@{#8})","userDataDir":"C:\\Users\\sarar\\AppData\\Local\\Temp\\scoped_dir12920_553366453"},"fedcm:accounts":true,"goog:chromeOptions":{"debuggerAddress":"localhost:65038"},"networkConnectionEnabled":false,"pageLoadStrategy":"normal","platformName":"windows","proxy":{},"setWindowRect":true,"strictFileInteractability":false,"timeouts":{"implicit":0,"pageLoad":300000,"script":30000},"unhandledPromptBehavior":"dismiss and notify","webauthn:extension:credBlob":true,"webauthn:extension:largeBlob":true,"webauthn:extension:minPinLength":true,"webauthn:extension:prf":true,"webauthn:virtualAuthenticators":true},"sessionId":"650c6dc7110e11e44b3418824095da4d","projectName":"","buildName":"","testEnv":"chrome_headless","isMobile":false,"status":"fail","seleniumLog":"C:\\Users\\sarar\\Documents\\GitHub\\Siemens-Task\\ui-tests\\logs\\homeTest_chromedriver.log","host":"localhost","name":"Home Test","tags":["search"],"tests":1,"failures":1,"errors":0,"httpOutput":[["2025-07-07T15:43:16.730Z","  Request POST /session  ","{\n     capabilities: {\n       firstMatch: [ {} ],\n       alwaysMatch: {\n         browserName: <span style=\"color:#0A0\">&#39;chrome&#39;<span style=\"color:#FFF\">,\n         <span style=\"color:#0A0\">&#39;goog:chromeOptions&#39;<span style=\"color:#FFF\">: {\n           args: [\n             <span style=\"color:#0A0\">&#39;--headless&#39;<span style=\"color:#FFF\">,\n             <span style=\"color:#0A0\">&#39;--disable-gpu&#39;<span style=\"color:#FFF\">,\n             <span style=\"color:#0A0\">&#39;--no-sandbox&#39;<span style=\"color:#FFF\">,\n             <span style=\"color:#0A0\">&#39;--disable-dev-shm-usage&#39;<span style=\"color:#FFF\">,\n             <span style=\"color:#0A0\">&#39;--window-size=1280,800&#39;<span style=\"color:#FFF\">\n           ]\n         }\n       }\n     }\n  }</span></span></span></span></span></span></span></span></span></span></span></span></span></span>"],["2025-07-07T15:43:17.428Z","  Response 200 POST /session (699ms)","{\n     value: {\n       capabilities: {\n         acceptInsecureCerts: <span style=\"color:#A50\">false<span style=\"color:#FFF\">,\n         browserName: <span style=\"color:#0A0\">&#39;chrome&#39;<span style=\"color:#FFF\">,\n         browserVersion: <span style=\"color:#0A0\">&#39;138.0.7204.97&#39;<span style=\"color:#FFF\">,\n         chrome: {\n           chromedriverVersion: <span style=\"color:#0A0\">&#39;138.0.7204.92 (f079b9bc781e3c2adb1496ea1d72812deb0ddb3d-refs/branch-heads/7204_50@{#8})&#39;<span style=\"color:#FFF\">,\n           userDataDir: <span style=\"color:#0A0\">&#39;C:\\\\Users\\\\sarar\\\\AppData\\\\Local\\\\Temp\\\\scoped_dir12920_553366453&#39;<span style=\"color:#FFF\">\n         },\n         <span style=\"color:#0A0\">&#39;fedcm:accounts&#39;<span style=\"color:#FFF\">: <span style=\"color:#A50\">true<span style=\"color:#FFF\">,\n         <span style=\"color:#0A0\">&#39;goog:chromeOptions&#39;<span style=\"color:#FFF\">: { debuggerAddress: <span style=\"color:#0A0\">&#39;localhost:65038&#39;<span style=\"color:#FFF\"> },\n         networkConnectionEnabled: <span style=\"color:#A50\">false<span style=\"color:#FFF\">,\n         pageLoadStrategy: <span style=\"color:#0A0\">&#39;normal&#39;<span style=\"color:#FFF\">,\n         platformName: <span style=\"color:#0A0\">&#39;windows&#39;<span style=\"color:#FFF\">,\n         proxy: {},\n         setWindowRect: <span style=\"color:#A50\">true<span style=\"color:#FFF\">,\n         strictFileInteractability: <span style=\"color:#A50\">false<span style=\"color:#FFF\">,\n         timeouts: { implicit: <span style=\"color:#A50\">0<span style=\"color:#FFF\">, pageLoad: <span style=\"color:#A50\">300000<span style=\"color:#FFF\">, script: <span style=\"color:#A50\">30000<span style=\"color:#FFF\"> },\n         unhandledPromptBehavior: <span style=\"color:#0A0\">&#39;dismiss and notify&#39;<span style=\"color:#FFF\">,\n         <span style=\"color:#0A0\">&#39;webauthn:extension:credBlob&#39;<span style=\"color:#FFF\">: <span style=\"color:#A50\">true<span style=\"color:#FFF\">,\n         <span style=\"color:#0A0\">&#39;webauthn:extension:largeBlob&#39;<span style=\"color:#FFF\">: <span style=\"color:#A50\">true<span style=\"color:#FFF\">,\n         <span style=\"color:#0A0\">&#39;webauthn:extension:minPinLength&#39;<span style=\"color:#FFF\">: <span style=\"color:#A50\">true<span style=\"color:#FFF\">,\n         <span style=\"color:#0A0\">&#39;webauthn:extension:prf&#39;<span style=\"color:#FFF\">: <span style=\"color:#A50\">true<span style=\"color:#FFF\">,\n         <span style=\"color:#0A0\">&#39;webauthn:virtualAuthenticators&#39;<span style=\"color:#FFF\">: <span style=\"color:#A50\">true<span style=\"color:#FFF\">\n       },\n       sessionId: <span style=\"color:#0A0\">&#39;650c6dc7110e11e44b3418824095da4d&#39;<span style=\"color:#FFF\">\n     }\n  }</span></span></span></span></span></span></span></span></span></span></span></span></span></span></span></span></span></span></span></span></span></span></span></span></span></span></span></span></span></span></span></span></span></span></span></span></span></span></span></span></span></span></span></span></span></span></span></span></span></span></span></span></span></span></span></span></span></span>"],["2025-07-07T15:43:17.466Z","  Request POST /session/650c6dc7110e11e44b3418824095da4d/url  ","{ url: <span style=\"color:#0A0\">&#39;http://automationpractice.multiformis.com&#39;<span style=\"color:#FFF\"> }</span></span>"],["2025-07-07T15:43:19.585Z","  Response 200 POST /session/650c6dc7110e11e44b3418824095da4d/url (2119ms)","{ value: <b>null<span style=\"font-weight:normal;text-decoration:none;font-style:normal\"> }</span></b>"],["2025-07-07T15:43:19.596Z","  Request POST /session/650c6dc7110e11e44b3418824095da4d/elements  ","{ using: <span style=\"color:#0A0\">&#39;css selector&#39;<span style=\"color:#FFF\">, value: <span style=\"color:#0A0\">&#39;body&#39;<span style=\"color:#FFF\"> }</span></span></span></span>"],["2025-07-07T15:43:22.626Z","  Response 200 POST /session/650c6dc7110e11e44b3418824095da4d/elements (3031ms)","{ value: [] }"],["2025-07-07T15:43:22.723Z","  Request GET /session/650c6dc7110e11e44b3418824095da4d/screenshot  ","<span style=\"color:#0A0\">&#39;&#39;<span style=\"color:#FFF\"></span></span>"],["2025-07-07T15:43:23.034Z","  Response 200 GET /session/650c6dc7110e11e44b3418824095da4d/screenshot (217ms)","{\n     value: <span style=\"color:#0A0\">&#39;iVBORw0KGgoAAAANSUhEUgAABO4AAAKMCAIAAADT9mCPAAAAAXNSR0IArs4c6QAAIABJREFUeJzsvXt4HMWdLvzrquruuWo0uvmO...&#39;<span style=\"color:#FFF\">,\n     suppressBase64Data: <span style=\"color:#A50\">true<span style=\"color:#FFF\">\n  }</span></span></span></span>"],["2025-07-07T15:43:23.084Z","  Request DELETE /session/650c6dc7110e11e44b3418824095da4d  ","<span style=\"color:#0A0\">&#39;&#39;<span style=\"color:#FFF\"></span></span>"],["2025-07-07T15:43:23.157Z","  Response 200 DELETE /session/650c6dc7110e11e44b3418824095da4d (73ms)","{ value: <b>null<span style=\"font-weight:normal;text-decoration:none;font-style:normal\"> }</span></b>"]],"rawHttpOutput":[["2025-07-07T15:43:16.730Z","  Request POST /session  ","{\n     capabilities: {\n       firstMatch: [ {} ],\n       alwaysMatch: {\n         browserName: 'chrome',\n         'goog:chromeOptions': {\n           args: [\n             '--headless',\n             '--disable-gpu',\n             '--no-sandbox',\n             '--disable-dev-shm-usage',\n             '--window-size=1280,800'\n           ]\n         }\n       }\n     }\n  }"],["2025-07-07T15:43:17.428Z","  Response 200 POST /session (699ms)","{\n     value: {\n       capabilities: {\n         acceptInsecureCerts: false,\n         browserName: 'chrome',\n         browserVersion: '138.0.7204.97',\n         chrome: {\n           chromedriverVersion: '138.0.7204.92 (f079b9bc781e3c2adb1496ea1d72812deb0ddb3d-refs/branch-heads/7204_50@{#8})',\n           userDataDir: 'C:\\\\Users\\\\sarar\\\\AppData\\\\Local\\\\Temp\\\\scoped_dir12920_553366453'\n         },\n         'fedcm:accounts': true,\n         'goog:chromeOptions': { debuggerAddress: 'localhost:65038' },\n         networkConnectionEnabled: false,\n         pageLoadStrategy: 'normal',\n         platformName: 'windows',\n         proxy: {},\n         setWindowRect: true,\n         strictFileInteractability: false,\n         timeouts: { implicit: 0, pageLoad: 300000, script: 30000 },\n         unhandledPromptBehavior: 'dismiss and notify',\n         'webauthn:extension:credBlob': true,\n         'webauthn:extension:largeBlob': true,\n         'webauthn:extension:minPinLength': true,\n         'webauthn:extension:prf': true,\n         'webauthn:virtualAuthenticators': true\n       },\n       sessionId: '650c6dc7110e11e44b3418824095da4d'\n     }\n  }"],["2025-07-07T15:43:17.466Z","  Request POST /session/650c6dc7110e11e44b3418824095da4d/url  ","{ url: 'http://automationpractice.multiformis.com' }"],["2025-07-07T15:43:19.585Z","  Response 200 POST /session/650c6dc7110e11e44b3418824095da4d/url (2119ms)","{ value: null }"],["2025-07-07T15:43:19.596Z","  Request POST /session/650c6dc7110e11e44b3418824095da4d/elements  ","{ using: 'css selector', value: 'body' }"],["2025-07-07T15:43:22.626Z","  Response 200 POST /session/650c6dc7110e11e44b3418824095da4d/elements (3031ms)","{ value: [] }"],["2025-07-07T15:43:22.723Z","  Request GET /session/650c6dc7110e11e44b3418824095da4d/screenshot  ","''"],["2025-07-07T15:43:23.034Z","  Response 200 GET /session/650c6dc7110e11e44b3418824095da4d/screenshot (217ms)","{\n     value: 'iVBORw0KGgoAAAANSUhEUgAABO4AAAKMCAIAAADT9mCPAAAAAXNSR0IArs4c6QAAIABJREFUeJzsvXt4HMWdLvzrquruuWo0uvmO...',\n     suppressBase64Data: true\n  }"],["2025-07-07T15:43:23.084Z","  Request DELETE /session/650c6dc7110e11e44b3418824095da4d  ","''"],["2025-07-07T15:43:23.157Z","  Response 200 DELETE /session/650c6dc7110e11e44b3418824095da4d (73ms)","{ value: null }"]],"globalErrorRegister":["   \u001b[31m\u001b[1m→\u001b[22m\u001b[39m \u001b[31m\u001b[1m✖\u001b[22m\u001b[39m \u001b[31m\u001b[1mNightwatchAssertError\u001b[22m\u001b[39m\n   Timed out while waiting for element <body> to be present for 1000 milliseconds. - expected \u001b[32m\"visible\"\u001b[39m but got: \u001b[31m\"not found\"\u001b[39m \u001b[90m(3037ms)\u001b[39m\n\u001b[33m\u001b[39m\n\u001b[33m    Error location:\u001b[39m\n    C:\\Users\\sarar\\Documents\\GitHub\\Siemens-Task\\ui-tests\\tests\\homeTest.js:16\n    –––––––––––––––––––––––––––––––––––––––––––––––––––––––––––––––––––––––––\n     14 |     homePage\n     15 |       .navigate()\n    \u001b[41m\u001b[37m 16 |       .waitForElementVisible('body', 1000) \u001b[39m\u001b[49m\n     17 |       .setValue('@searchInput', 'dress')\n     18 |       .click('@searchButton')\n    –––––––––––––––––––––––––––––––––––––––––––––––––––––––––––––––––––––––––\n"]},"name":"homeTest","httpOutput":[],"systemerr":""}